2021-01-05 09:33:38,661|Connected (version 2.0, client OpenSSH_7.4)
2021-01-05 09:33:39,282|Authentication (password) successful!
2021-01-05 09:33:44,824|{'status': 0, 'data': '\r', 'cols': None, 'rows': None}
2021-01-05 09:33:44,828|{'status': 0, 'data': '\r', 'cols': None, 'rows': None}
2021-01-05 09:33:44,831|{'status': 0, 'data': '\r', 'cols': None, 'rows': None}
2021-01-05 09:33:44,834|{'status': 0, 'data': '\r', 'cols': None, 'rows': None}
2021-01-05 09:33:44,848|{'status': 0, 'data': '\r', 'cols': None, 'rows': None}
2021-01-05 09:33:44,851|{'status': 0, 'data': '\r', 'cols': None, 'rows': None}
2021-01-05 09:33:44,853|{'status': 0, 'data': '\r', 'cols': None, 'rows': None}
2021-01-05 09:33:44,856|{'status': 0, 'data': '\r', 'cols': None, 'rows': None}
2021-01-05 09:33:46,261|{'status': 0, 'data': 'l', 'cols': None, 'rows': None}
2021-01-05 09:33:46,361|{'status': 0, 'data': 's', 'cols': None, 'rows': None}
2021-01-05 09:33:46,525|{'status': 0, 'data': '\r', 'cols': None, 'rows': None}
2021-01-05 09:33:47,264|{'status': 0, 'data': '\r', 'cols': None, 'rows': None}
2021-01-05 09:33:47,450|{'status': 0, 'data': '\r', 'cols': None, 'rows': None}
2021-01-05 09:33:47,685|{'status': 0, 'data': 'c', 'cols': None, 'rows': None}
2021-01-05 09:33:47,892|{'status': 0, 'data': 'd', 'cols': None, 'rows': None}
2021-01-05 09:33:48,008|{'status': 0, 'data': '\r', 'cols': None, 'rows': None}
2021-01-05 09:33:48,217|{'status': 0, 'data': '\r', 'cols': None, 'rows': None}
2021-01-05 09:33:48,391|{'status': 0, 'data': '\r', 'cols': None, 'rows': None}
2021-01-05 09:33:48,553|{'status': 0, 'data': '\r', 'cols': None, 'rows': None}
2021-01-05 09:33:48,728|{'status': 0, 'data': '\r', 'cols': None, 'rows': None}
2021-01-05 09:33:48,889|{'status': 0, 'data': '\r', 'cols': None, 'rows': None}
2021-01-05 09:33:50,374|{'status': 0, 'data': 'c', 'cols': None, 'rows': None}
2021-01-05 09:33:50,580|{'status': 0, 'data': 'a', 'cols': None, 'rows': None}
2021-01-05 09:33:50,756|{'status': 0, 'data': 't', 'cols': None, 'rows': None}
2021-01-05 09:33:50,900|{'status': 0, 'data': ' ', 'cols': None, 'rows': None}
2021-01-05 09:33:51,110|{'status': 0, 'data': 'c', 'cols': None, 'rows': None}
2021-01-05 09:33:51,236|{'status': 0, 'data': 'o', 'cols': None, 'rows': None}
2021-01-05 09:33:51,317|{'status': 0, 'data': 'n', 'cols': None, 'rows': None}
2021-01-05 09:33:51,449|{'status': 0, 'data': '\t', 'cols': None, 'rows': None}
2021-01-05 09:33:52,140|{'status': 0, 'data': '\r', 'cols': None, 'rows': None}
2021-01-05 09:33:53,257|{'status': 0, 'data': '\r', 'cols': None, 'rows': None}
2021-01-05 09:33:53,448|{'status': 0, 'data': '\r', 'cols': None, 'rows': None}
2021-01-05 09:33:53,629|{'status': 0, 'data': '\r', 'cols': None, 'rows': None}
2021-01-05 09:33:53,804|{'status': 0, 'data': '\r', 'cols': None, 'rows': None}
2021-01-05 09:33:53,976|{'status': 0, 'data': '\r', 'cols': None, 'rows': None}
2021-01-05 09:33:55,269|{'status': 0, 'data': 'r', 'cols': None, 'rows': None}
2021-01-05 09:33:55,430|{'status': 0, 'data': 'm', 'cols': None, 'rows': None}
2021-01-05 09:33:55,621|{'status': 0, 'data': ' ', 'cols': None, 'rows': None}
2021-01-05 09:33:55,882|{'status': 0, 'data': 'c', 'cols': None, 'rows': None}
2021-01-05 09:33:56,006|{'status': 0, 'data': 'o', 'cols': None, 'rows': None}
2021-01-05 09:33:56,117|{'status': 0, 'data': 'n', 'cols': None, 'rows': None}
2021-01-05 09:33:56,581|{'status': 0, 'data': '\x7f', 'cols': None, 'rows': None}
2021-01-05 09:33:57,081|{'status': 0, 'data': '\x7f', 'cols': None, 'rows': None}
2021-01-05 09:33:57,112|{'status': 0, 'data': '\x7f', 'cols': None, 'rows': None}
2021-01-05 09:33:57,146|{'status': 0, 'data': '\x7f', 'cols': None, 'rows': None}
2021-01-05 09:33:57,179|{'status': 0, 'data': '\x7f', 'cols': None, 'rows': None}
2021-01-05 09:33:57,213|{'status': 0, 'data': '\x7f', 'cols': None, 'rows': None}
2021-01-05 09:33:57,245|{'status': 0, 'data': '\x7f', 'cols': None, 'rows': None}
2021-01-05 09:33:57,281|{'status': 0, 'data': '\x7f', 'cols': None, 'rows': None}
2021-01-05 09:33:57,313|{'status': 0, 'data': '\x7f', 'cols': None, 'rows': None}
2021-01-05 09:33:57,347|{'status': 0, 'data': '\x7f', 'cols': None, 'rows': None}
2021-01-05 09:33:57,381|{'status': 0, 'data': '\x7f', 'cols': None, 'rows': None}
2021-01-05 09:33:57,410|{'status': 0, 'data': '\x7f', 'cols': None, 'rows': None}
2021-01-05 09:33:57,443|{'status': 0, 'data': '\x7f', 'cols': None, 'rows': None}
2021-01-05 09:33:57,476|{'status': 0, 'data': '\x7f', 'cols': None, 'rows': None}
2021-01-05 09:33:57,509|{'status': 0, 'data': '\x7f', 'cols': None, 'rows': None}
2021-01-05 09:33:57,546|{'status': 0, 'data': '\x7f', 'cols': None, 'rows': None}
2021-01-05 09:33:57,578|{'status': 0, 'data': '\x7f', 'cols': None, 'rows': None}
2021-01-05 09:33:57,782|{'status': 0, 'data': 'c', 'cols': None, 'rows': None}
2021-01-05 09:33:58,004|{'status': 0, 'data': 'd', 'cols': None, 'rows': None}
2021-01-05 09:33:58,152|{'status': 0, 'data': '\r', 'cols': None, 'rows': None}
2021-01-05 09:33:58,361|{'status': 0, 'data': '\r', 'cols': None, 'rows': None}
2021-01-05 09:33:58,537|{'status': 0, 'data': '\r', 'cols': None, 'rows': None}
2021-01-05 09:34:01,334|{'status': 0, 'data': 'c', 'cols': None, 'rows': None}
2021-01-05 09:34:01,556|{'status': 0, 'data': 'a', 'cols': None, 'rows': None}
2021-01-05 09:34:01,719|{'status': 0, 'data': 't', 'cols': None, 'rows': None}
2021-01-05 09:34:01,849|{'status': 0, 'data': ' ', 'cols': None, 'rows': None}
2021-01-05 09:34:01,989|{'status': 0, 'data': 'm', 'cols': None, 'rows': None}
2021-01-05 09:34:02,229|{'status': 0, 'data': 'y', 'cols': None, 'rows': None}
2021-01-05 09:34:02,410|{'status': 0, 'data': '\t', 'cols': None, 'rows': None}
2021-01-05 09:34:02,940|{'status': 0, 'data': '\r', 'cols': None, 'rows': None}
2021-01-05 09:34:11,204|{'status': 0, 'data': 'l', 'cols': None, 'rows': None}
2021-01-05 09:34:11,336|{'status': 0, 'data': 's', 'cols': None, 'rows': None}
2021-01-05 09:34:11,561|{'status': 0, 'data': '\r', 'cols': None, 'rows': None}
2021-01-05 09:34:11,908|{'status': 0, 'data': 'c', 'cols': None, 'rows': None}
2021-01-05 09:34:12,150|{'status': 0, 'data': 'd', 'cols': None, 'rows': None}
2021-01-05 09:34:12,282|{'status': 0, 'data': '\r', 'cols': None, 'rows': None}
2021-01-05 09:34:12,603|{'status': 0, 'data': '\r', 'cols': None, 'rows': None}
2021-01-05 09:34:12,777|{'status': 0, 'data': '\r', 'cols': None, 'rows': None}
2021-01-05 09:34:12,988|{'status': 0, 'data': '\r', 'cols': None, 'rows': None}
2021-01-05 09:34:13,161|{'status': 0, 'data': '\r', 'cols': None, 'rows': None}
2021-01-05 09:34:13,352|{'status': 0, 'data': '\r', 'cols': None, 'rows': None}
2021-01-05 09:34:13,530|{'status': 0, 'data': '\r', 'cols': None, 'rows': None}
2021-01-05 09:34:13,706|{'status': 0, 'data': '\r', 'cols': None, 'rows': None}
2021-01-05 09:34:13,895|{'status': 0, 'data': '\r', 'cols': None, 'rows': None}
2021-01-05 09:34:14,058|{'status': 0, 'data': '\r', 'cols': None, 'rows': None}
2021-01-05 09:34:14,236|{'status': 0, 'data': '\r', 'cols': None, 'rows': None}
2021-01-05 09:34:14,428|{'status': 0, 'data': '\r', 'cols': None, 'rows': None}
2021-01-05 09:34:14,806|{'status': 0, 'data': '\r', 'cols': None, 'rows': None}
2021-01-05 09:34:15,036|{'status': 0, 'data': '\r', 'cols': None, 'rows': None}
2021-01-05 09:34:15,207|{'status': 0, 'data': '\r', 'cols': None, 'rows': None}
2021-01-05 09:34:17,957|{'status': 0, 'data': 'c', 'cols': None, 'rows': None}
2021-01-05 09:34:18,197|{'status': 0, 'data': 'd', 'cols': None, 'rows': None}
2021-01-05 09:34:18,374|{'status': 0, 'data': ' ', 'cols': None, 'rows': None}
2021-01-05 09:34:18,580|{'status': 0, 'data': 'a', 'cols': None, 'rows': None}
2021-01-05 09:34:18,772|{'status': 0, 'data': 'w', 'cols': None, 'rows': None}
2021-01-05 09:34:19,020|{'status': 0, 'data': '\t', 'cols': None, 'rows': None}
2021-01-05 09:34:19,401|{'status': 0, 'data': '\r', 'cols': None, 'rows': None}
2021-01-05 09:34:19,654|{'status': 0, 'data': 'l', 'cols': None, 'rows': None}
2021-01-05 09:34:19,814|{'status': 0, 'data': 's', 'cols': None, 'rows': None}
2021-01-05 09:34:19,943|{'status': 0, 'data': '\r', 'cols': None, 'rows': None}
2021-01-05 09:34:21,016|{'status': 0, 'data': 'c', 'cols': None, 'rows': None}
2021-01-05 09:34:21,221|{'status': 0, 'data': 'd', 'cols': None, 'rows': None}
2021-01-05 09:34:21,317|{'status': 0, 'data': ' ', 'cols': None, 'rows': None}
2021-01-05 09:34:21,592|{'status': 0, 'data': '\t', 'cols': None, 'rows': None}
2021-01-05 09:34:21,786|{'status': 0, 'data': '\r', 'cols': None, 'rows': None}
2021-01-05 09:34:22,037|{'status': 0, 'data': 'l', 'cols': None, 'rows': None}
2021-01-05 09:34:22,213|{'status': 0, 'data': 's', 'cols': None, 'rows': None}
2021-01-05 09:34:22,286|{'status': 0, 'data': '\r', 'cols': None, 'rows': None}
2021-01-05 09:34:23,640|{'status': 0, 'data': 'c', 'cols': None, 'rows': None}
2021-01-05 09:34:23,847|{'status': 0, 'data': 'd', 'cols': None, 'rows': None}
2021-01-05 09:34:24,123|{'status': 0, 'data': '\r', 'cols': None, 'rows': None}
2021-01-05 09:34:24,471|{'status': 0, 'data': 'l', 'cols': None, 'rows': None}
2021-01-05 09:34:24,629|{'status': 0, 'data': 's', 'cols': None, 'rows': None}
2021-01-05 09:34:24,761|{'status': 0, 'data': '\r', 'cols': None, 'rows': None}
2021-01-05 09:34:25,079|{'status': 0, 'data': '\r', 'cols': None, 'rows': None}
2021-01-05 09:34:25,257|{'status': 0, 'data': '\r', 'cols': None, 'rows': None}
2021-01-05 09:34:25,418|{'status': 0, 'data': '\r', 'cols': None, 'rows': None}
2021-01-05 09:34:25,593|{'status': 0, 'data': '\r', 'cols': None, 'rows': None}
2021-01-05 09:34:25,773|{'status': 0, 'data': '\r', 'cols': None, 'rows': None}
2021-01-05 09:34:26,982|{'status': 0, 'data': 'e', 'cols': None, 'rows': None}
2021-01-05 09:34:27,236|{'status': 0, 'data': 'x', 'cols': None, 'rows': None}
2021-01-05 09:34:27,428|{'status': 0, 'data': 'i', 'cols': None, 'rows': None}
2021-01-05 09:34:27,556|{'status': 0, 'data': 't', 'cols': None, 'rows': None}
2021-01-05 09:34:27,758|{'status': 0, 'data': '\r', 'cols': None, 'rows': None}
2021-01-05 09:34:30,524|WebSocket DISCONNECT /webssh/ [192.168.137.193:62284]
2021-01-05 09:34:33,539|HTTP GET /hosts/ 200 [0.09, 192.168.137.193:62278]
2021-01-05 09:38:14,594|/root/project/CrazyEye/web/tasks.py changed, reloading.
