2021-01-04 16:06:47,052|Connected (version 2.0, client OpenSSH|7.4)
2021-01-04 16:06:47,272|Authentication (password) successful!
2021-01-04 16:06:49,385|{'status': 0, 'data': '\r', 'cols': None, 'rows': None}
2021-01-04 16:06:50,246|{'status': 0, 'data': 'l', 'cols': None, 'rows': None}
2021-01-04 16:06:50,355|{'status': 0, 'data': 's', 'cols': None, 'rows': None}
2021-01-04 16:06:50,519|{'status': 0, 'data': '\r', 'cols': None, 'rows': None}
2021-01-04 16:06:52,130|{'status': 0, 'data': 'c', 'cols': None, 'rows': None}
2021-01-04 16:06:52,339|{'status': 0, 'data': 'd', 'cols': None, 'rows': None}
2021-01-04 16:06:52,686|{'status': 0, 'data': '\r', 'cols': None, 'rows': None}
2021-01-04 16:06:52,907|{'status': 0, 'data': '\r', 'cols': None, 'rows': None}
2021-01-04 16:06:53,085|{'status': 0, 'data': '\r', 'cols': None, 'rows': None}
2021-01-04 16:06:53,238|{'status': 0, 'data': '\r', 'cols': None, 'rows': None}
2021-01-04 16:06:53,389|{'status': 0, 'data': '\r', 'cols': None, 'rows': None}
2021-01-04 16:06:53,930|{'status': 0, 'data': 'c', 'cols': None, 'rows': None}
2021-01-04 16:06:54,136|{'status': 0, 'data': 'd', 'cols': None, 'rows': None}
2021-01-04 16:06:54,418|{'status': 0, 'data': ' ', 'cols': None, 'rows': None}
2021-01-04 16:06:54,786|{'status': 0, 'data': 'k', 'cols': None, 'rows': None}
2021-01-04 16:06:55,029|{'status': 0, 'data': '8', 'cols': None, 'rows': None}
2021-01-04 16:06:55,157|{'status': 0, 'data': 's', 'cols': None, 'rows': None}
2021-01-04 16:06:55,401|{'status': 0, 'data': '\r', 'cols': None, 'rows': None}
2021-01-04 16:06:55,650|{'status': 0, 'data': 'l', 'cols': None, 'rows': None}
2021-01-04 16:06:55,811|{'status': 0, 'data': 's', 'cols': None, 'rows': None}
2021-01-04 16:06:55,913|{'status': 0, 'data': '\r', 'cols': None, 'rows': None}
2021-01-04 16:06:56,354|{'status': 0, 'data': 'c', 'cols': None, 'rows': None}
2021-01-04 16:06:56,533|{'status': 0, 'data': 'd', 'cols': None, 'rows': None}
2021-01-04 16:06:56,665|{'status': 0, 'data': '\r', 'cols': None, 'rows': None}
2021-01-04 16:06:59,222|{'status': 0, 'data': 'v', 'cols': None, 'rows': None}
2021-01-04 16:06:59,333|{'status': 0, 'data': 'i', 'cols': None, 'rows': None}
2021-01-04 16:06:59,458|{'status': 0, 'data': ' ', 'cols': None, 'rows': None}
2021-01-04 16:06:59,650|{'status': 0, 'data': 't', 'cols': None, 'rows': None}
2021-01-04 16:06:59,892|{'status': 0, 'data': 'e', 'cols': None, 'rows': None}
2021-01-04 16:07:00,162|{'status': 0, 'data': 's', 'cols': None, 'rows': None}
2021-01-04 16:07:00,475|{'status': 0, 'data': '\t', 'cols': None, 'rows': None}
2021-01-04 16:07:01,301|{'status': 0, 'data': '\r', 'cols': None, 'rows': None}
2021-01-04 16:07:01,524|{'status': 0, 'data': '\x1b[2;2R', 'cols': None, 'rows': None}
2021-01-04 16:07:01,589|{'status': 0, 'data': '\x1b[>0;276;0c', 'cols': None, 'rows': None}
2021-01-04 16:07:01,694|{'status': 0, 'data': '\x1bP0+r436f\x1b\\', 'cols': None, 'rows': None}
2021-01-04 16:07:01,702|{'status': 0, 'data': '\x1bP0+r6b75\x1b\\', 'cols': None, 'rows': None}
2021-01-04 16:07:01,711|{'status': 0, 'data': '\x1bP0+r6b64\x1b\\', 'cols': None, 'rows': None}
2021-01-04 16:07:01,729|{'status': 0, 'data': '\x1bP0+r6b72\x1b\\', 'cols': None, 'rows': None}
2021-01-04 16:07:01,740|{'status': 0, 'data': '\x1bP0+r6b6c\x1b\\', 'cols': None, 'rows': None}
2021-01-04 16:07:01,744|{'status': 0, 'data': '\x1bP0+r2332\x1b\\', 'cols': None, 'rows': None}
2021-01-04 16:07:01,754|{'status': 0, 'data': '\x1bP0+r2334\x1b\\', 'cols': None, 'rows': None}
2021-01-04 16:07:01,771|{'status': 0, 'data': '\x1bP0+r2569\x1b\\', 'cols': None, 'rows': None}
2021-01-04 16:07:01,774|{'status': 0, 'data': '\x1bP0+r2a37\x1b\\', 'cols': None, 'rows': None}
2021-01-04 16:07:01,787|{'status': 0, 'data': '\x1bP0+r6b31\x1b\\', 'cols': None, 'rows': None}
2021-01-04 16:07:01,790|{'status': 0, 'data': '\x1bP0+r6b32\x1b\\', 'cols': None, 'rows': None}
2021-01-04 16:07:01,794|{'status': 0, 'data': '\x1bP0+r6b33\x1b\\', 'cols': None, 'rows': None}
2021-01-04 16:07:01,812|{'status': 0, 'data': '\x1bP0+r6b34\x1b\\', 'cols': None, 'rows': None}
2021-01-04 16:07:01,817|{'status': 0, 'data': '\x1bP0+r6b35\x1b\\', 'cols': None, 'rows': None}
2021-01-04 16:07:01,827|{'status': 0, 'data': '\x1bP0+r6b36\x1b\\', 'cols': None, 'rows': None}
2021-01-04 16:07:01,834|{'status': 0, 'data': '\x1bP0+r6b37\x1b\\', 'cols': None, 'rows': None}
2021-01-04 16:07:01,849|{'status': 0, 'data': '\x1bP0+r6b38\x1b\\', 'cols': None, 'rows': None}
2021-01-04 16:07:01,853|{'status': 0, 'data': '\x1bP0+r6b39\x1b\\', 'cols': None, 'rows': None}
2021-01-04 16:07:01,862|{'status': 0, 'data': '\x1bP0+r6b3b\x1b\\', 'cols': None, 'rows': None}
2021-01-04 16:07:01,871|{'status': 0, 'data': '\x1bP0+r4631\x1b\\', 'cols': None, 'rows': None}
2021-01-04 16:07:01,875|{'status': 0, 'data': '\x1bP0+r4632\x1b\\', 'cols': None, 'rows': None}
2021-01-04 16:07:01,884|{'status': 0, 'data': '\x1bP0+r2531\x1b\\', 'cols': None, 'rows': None}
2021-01-04 16:07:01,895|{'status': 0, 'data': '\x1bP0+r2638\x1b\\', 'cols': None, 'rows': None}
2021-01-04 16:07:01,905|{'status': 0, 'data': '\x1bP0+r6b62\x1b\\', 'cols': None, 'rows': None}
2021-01-04 16:07:01,911|{'status': 0, 'data': '\x1bP0+r6b49\x1b\\', 'cols': None, 'rows': None}
2021-01-04 16:07:01,923|{'status': 0, 'data': '\x1bP0+r6b44\x1b\\', 'cols': None, 'rows': None}
2021-01-04 16:07:01,929|{'status': 0, 'data': '\x1bP0+r6b68\x1b\\', 'cols': None, 'rows': None}
2021-01-04 16:07:01,933|{'status': 0, 'data': '\x1bP0+r4037\x1b\\', 'cols': None, 'rows': None}
2021-01-04 16:07:01,935|{'status': 0, 'data': '\x1bP0+r6b50\x1b\\', 'cols': None, 'rows': None}
2021-01-04 16:07:01,936|{'status': 0, 'data': '\x1bP0+r6b4e\x1b\\', 'cols': None, 'rows': None}
2021-01-04 16:07:01,938|{'status': 0, 'data': '\x1bP0+r4b31\x1b\\', 'cols': None, 'rows': None}
2021-01-04 16:07:01,939|{'status': 0, 'data': '\x1bP0+r4b33\x1b\\', 'cols': None, 'rows': None}
2021-01-04 16:07:01,941|{'status': 0, 'data': '\x1bP0+r4b34\x1b\\', 'cols': None, 'rows': None}
2021-01-04 16:07:01,943|{'status': 0, 'data': '\x1bP0+r4b35\x1b\\', 'cols': None, 'rows': None}
2021-01-04 16:07:01,945|{'status': 0, 'data': '\x1bP0+r6b42\x1b\\', 'cols': None, 'rows': None}
2021-01-04 16:07:02,754|{'status': 0, 'data': 'G', 'cols': None, 'rows': None}
2021-01-04 16:07:03,490|{'status': 0, 'data': ':', 'cols': None, 'rows': None}
2021-01-04 16:07:03,747|{'status': 0, 'data': 'q', 'cols': None, 'rows': None}
2021-01-04 16:07:03,946|{'status': 0, 'data': '\r', 'cols': None, 'rows': None}
2021-01-04 16:07:04,551|{'status': 0, 'data': 'l', 'cols': None, 'rows': None}
2021-01-04 16:07:04,631|{'status': 0, 'data': 's', 'cols': None, 'rows': None}
2021-01-04 16:07:04,789|{'status': 0, 'data': '\r', 'cols': None, 'rows': None}
2021-01-04 16:07:05,108|{'status': 0, 'data': 'c', 'cols': None, 'rows': None}
2021-01-04 16:07:05,301|{'status': 0, 'data': 'd', 'cols': None, 'rows': None}
2021-01-04 16:07:05,402|{'status': 0, 'data': '\r', 'cols': None, 'rows': None}
2021-01-04 16:07:05,605|{'status': 0, 'data': '\r', 'cols': None, 'rows': None}
2021-01-04 16:07:05,789|{'status': 0, 'data': '\r', 'cols': None, 'rows': None}
2021-01-04 16:07:06,323|{'status': 0, 'data': 'l', 'cols': None, 'rows': None}
2021-01-04 16:07:06,443|{'status': 0, 'data': 's', 'cols': None, 'rows': None}
2021-01-04 16:07:06,584|{'status': 0, 'data': '\r', 'cols': None, 'rows': None}
2021-01-04 16:07:07,538|{'status': 0, 'data': 'c', 'cols': None, 'rows': None}
2021-01-04 16:07:07,747|{'status': 0, 'data': 'd', 'cols': None, 'rows': None}
2021-01-04 16:07:07,867|{'status': 0, 'data': '\r', 'cols': None, 'rows': None}
2021-01-04 16:07:08,327|{'status': 0, 'data': '\r', 'cols': None, 'rows': None}
2021-01-04 16:07:08,503|{'status': 0, 'data': '\r', 'cols': None, 'rows': None}
2021-01-04 16:07:08,685|{'status': 0, 'data': '\r', 'cols': None, 'rows': None}
2021-01-04 16:07:08,837|{'status': 0, 'data': '\r', 'cols': None, 'rows': None}
2021-01-04 16:07:08,988|{'status': 0, 'data': '\r', 'cols': None, 'rows': None}
2021-01-04 16:07:09,398|{'status': 0, 'data': 'c', 'cols': None, 'rows': None}
2021-01-04 16:07:09,570|{'status': 0, 'data': 'd', 'cols': None, 'rows': None}
2021-01-04 16:07:09,715|{'status': 0, 'data': ' ', 'cols': None, 'rows': None}
2021-01-04 16:07:10,306|{'status': 0, 'data': 'v', 'cols': None, 'rows': None}
2021-01-04 16:07:10,566|{'status': 0, 'data': 'u', 'cols': None, 'rows': None}
2021-01-04 16:07:10,726|{'status': 0, 'data': '\t', 'cols': None, 'rows': None}
2021-01-04 16:07:10,971|{'status': 0, 'data': '\r', 'cols': None, 'rows': None}
2021-01-04 16:07:11,266|{'status': 0, 'data': 'l', 'cols': None, 'rows': None}
2021-01-04 16:07:11,427|{'status': 0, 'data': 's', 'cols': None, 'rows': None}
2021-01-04 16:07:11,541|{'status': 0, 'data': '\r', 'cols': None, 'rows': None}
2021-01-04 16:07:12,964|{'status': 0, 'data': 'c', 'cols': None, 'rows': None}
2021-01-04 16:07:13,160|{'status': 0, 'data': 'd', 'cols': None, 'rows': None}
2021-01-04 16:07:13,288|{'status': 0, 'data': '\r', 'cols': None, 'rows': None}
2021-01-04 16:07:13,666|{'status': 0, 'data': 'c', 'cols': None, 'rows': None}
2021-01-04 16:07:13,863|{'status': 0, 'data': 'd', 'cols': None, 'rows': None}
2021-01-04 16:07:13,986|{'status': 0, 'data': ' ', 'cols': None, 'rows': None}
2021-01-04 16:07:14,418|{'status': 0, 'data': '\x7f', 'cols': None, 'rows': None}
2021-01-04 16:07:14,610|{'status': 0, 'data': '\x7f', 'cols': None, 'rows': None}
2021-01-04 16:07:14,786|{'status': 0, 'data': '\x7f', 'cols': None, 'rows': None}
2021-01-04 16:07:14,982|{'status': 0, 'data': '\x7f', 'cols': None, 'rows': None}
2021-01-04 16:07:15,173|{'status': 0, 'data': '\x7f', 'cols': None, 'rows': None}
2021-01-04 16:07:15,346|{'status': 0, 'data': '\x7f', 'cols': None, 'rows': None}
2021-01-04 16:07:15,506|{'status': 0, 'data': '\x7f', 'cols': None, 'rows': None}
2021-01-04 16:07:19,123|{'status': 0, 'data': 'r', 'cols': None, 'rows': None}
2021-01-04 16:07:19,284|{'status': 0, 'data': 'm', 'cols': None, 'rows': None}
2021-01-04 16:07:19,395|{'status': 0, 'data': ' ', 'cols': None, 'rows': None}
2021-01-04 16:07:19,603|{'status': 0, 'data': 'j', 'cols': None, 'rows': None}
2021-01-04 16:07:19,747|{'status': 0, 'data': 'a', 'cols': None, 'rows': None}
2021-01-04 16:07:20,212|{'status': 0, 'data': 'v', 'cols': None, 'rows': None}
2021-01-04 16:07:20,387|{'status': 0, 'data': 'a', 'cols': None, 'rows': None}
2021-01-04 16:07:20,685|{'status': 0, 'data': '\t', 'cols': None, 'rows': None}
2021-01-04 16:07:21,575|{'status': 0, 'data': '\r', 'cols': None, 'rows': None}
2021-01-04 16:07:23,013|{'status': 0, 'data': 'y', 'cols': None, 'rows': None}
2021-01-04 16:07:23,384|{'status': 0, 'data': '\r', 'cols': None, 'rows': None}
2021-01-04 16:07:23,987|{'status': 0, 'data': 'l', 'cols': None, 'rows': None}
2021-01-04 16:07:24,114|{'status': 0, 'data': 's', 'cols': None, 'rows': None}
2021-01-04 16:07:24,285|{'status': 0, 'data': '\r', 'cols': None, 'rows': None}
2021-01-04 16:07:24,742|{'status': 0, 'data': '\r', 'cols': None, 'rows': None}
2021-01-04 16:07:24,940|{'status': 0, 'data': '\r', 'cols': None, 'rows': None}
2021-01-04 16:07:25,299|{'status': 0, 'data': 'e', 'cols': None, 'rows': None}
2021-01-04 16:07:25,554|{'status': 0, 'data': 'x', 'cols': None, 'rows': None}
2021-01-04 16:07:25,715|{'status': 0, 'data': 'i', 'cols': None, 'rows': None}
2021-01-04 16:07:25,847|{'status': 0, 'data': 't', 'cols': None, 'rows': None}
2021-01-04 16:07:26,039|{'status': 0, 'data': '\r', 'cols': None, 'rows': None}
2021-01-04 16:07:29,539|WebSocket DISCONNECT /webssh/ [192.168.137.193:62538]
2021-01-04 17:36:27,866|/root/project/CrazyEye/web/models.py changed, reloading.
